This is pdfTeX, Version 3.1415926-2.4-1.40.13 (MiKTeX 2.9 64-bit) (preloaded format=pdflatex 2013.12.9)  2 MAY 2015 21:23
entering extended mode
**main.tex
(H:\Kuliah\Skripsi\SkripsiLaTex\main.tex
LaTeX2e <2011/06/27>
Babel <v3.8m> and hyphenation patterns for english, afrikaans, ancientgreek, arabic, armenian, assamese, basque, bengali
, bokmal, bulgarian, catalan, coptic, croatian, czech, danish, dutch, esperanto, estonian, farsi, finnish, french, galic
ian, german, german-x-2012-05-30, greek, gujarati, hindi, hungarian, icelandic, indonesian, interlingua, irish, italian,
 kannada, kurmanji, latin, latvian, lithuanian, malayalam, marathi, mongolian, mongolianlmc, monogreek, ngerman, ngerman
-x-2012-05-30, nynorsk, oriya, panjabi, pinyin, polish, portuguese, romanian, russian, sanskrit, serbian, slovak, sloven
ian, spanish, swedish, swissgerman, tamil, telugu, turkish, turkmen, ukenglish, ukrainian, uppersorbian, usenglishmax, w
elsh, loaded.
("C:\Program Files\MiKTeX 2.9\tex\latex\base\report.cls"
Document Class: report 2007/10/19 v1.4h Standard LaTeX document class
("C:\Program Files\MiKTeX 2.9\tex\latex\base\size11.clo"
File: size11.clo 2007/10/19 v1.4h Standard LaTeX file (size option)
)
\c@part=\count79
\c@chapter=\count80
\c@section=\count81
\c@subsection=\count82
\c@subsubsection=\count83
\c@paragraph=\count84
\c@subparagraph=\count85
\c@figure=\count86
\c@table=\count87
\abovecaptionskip=\skip41
\belowcaptionskip=\skip42
\bibindent=\dimen102
) ("C:\Program Files\MiKTeX 2.9\tex\generic\babel\babel.sty"
Package: babel 2008/07/08 v3.8m The Babel package

*************************************
* Local config file bblopts.cfg used
*
("C:\Program Files\MiKTeX 2.9\tex\latex\00miktex\bblopts.cfg"
File: bblopts.cfg 2006/07/31 v1.0 MiKTeX 'babel' configuration
)
("C:\Program Files\MiKTeX 2.9\tex\generic\babel\bahasai.ldf"
Language: bahasa 2008/03/15 v1.0l Bahasa Indonesia support from the babel system
 ("C:\Program Files\MiKTeX 2.9\tex\generic\babel\babel.def"
File: babel.def 2008/07/08 v3.8m Babel common definitions
\babel@savecnt=\count88
\U@D=\dimen103
))) ("C:\Program Files\MiKTeX 2.9\tex\latex\base\fontenc.sty"
Package: fontenc 2005/09/27 v1.99g Standard LaTeX package
 ("C:\Program Files\MiKTeX 2.9\tex\latex\base\t1enc.def"
File: t1enc.def 2005/09/27 v1.99g Standard LaTeX file
LaTeX Font Info:    Redeclaring font encoding T1 on input line 43.
))
("C:\Program Files\MiKTeX 2.9\tex\latex\abstract\abstract.sty"
Package: abstract 2009/06/08 v1.2a configurable abstracts
\abstitleskip=\skip43
\absleftindent=\skip44
\absrightindent=\skip45
\absparindent=\skip46
\absparsep=\skip47
) ("C:\Program Files\MiKTeX 2.9\tex\latex\chappg\chappg.sty"
Package: chappg 2006/05/09 v2.1b page numbering by chapter number pages by chapter (or other unit)
) ("C:\Program Files\MiKTeX 2.9\tex\latex\graphics\color.sty"
Package: color 2005/11/14 v1.0j Standard LaTeX Color (DPC)

("C:\Program Files\MiKTeX 2.9\tex\latex\00miktex\color.cfg"
File: color.cfg 2007/01/18 v1.5 color configuration of teTeX/TeXLive
)
Package color Info: Driver file: pdftex.def on input line 130.

("C:\Program Files\MiKTeX 2.9\tex\latex\pdftex-def\pdftex.def"
File: pdftex.def 2011/05/27 v0.06d Graphics/color for pdfTeX

("C:\Program Files\MiKTeX 2.9\tex\generic\oberdiek\infwarerr.sty"
Package: infwarerr 2010/04/08 v1.3 Providing info/warning/error messages (HO)
)
("C:\Program Files\MiKTeX 2.9\tex\generic\oberdiek\ltxcmds.sty"
Package: ltxcmds 2011/11/09 v1.22 LaTeX kernel commands for general use (HO)
)
\Gread@gobject=\count89
))
("C:\Program Files\MiKTeX 2.9\tex\latex\etoolbox\etoolbox.sty"
Package: etoolbox 2011/01/03 v2.1 e-TeX tools for LaTeX
 ("C:\Program Files\MiKTeX 2.9\tex\latex\misc\etex.sty"
Package: etex 1998/03/26 v2.0 eTeX basic definition package (PEB)
\et@xins=\count90
)
\etb@tempcnta=\count91
)
("C:\Program Files\MiKTeX 2.9\tex\latex\fancyhdr\fancyhdr.sty"
\fancy@headwidth=\skip48
\f@ncyO@elh=\skip49
\f@ncyO@erh=\skip50
\f@ncyO@olh=\skip51
\f@ncyO@orh=\skip52
\f@ncyO@elf=\skip53
\f@ncyO@erf=\skip54
\f@ncyO@olf=\skip55
\f@ncyO@orf=\skip56
) ("C:\Program Files\MiKTeX 2.9\tex\latex\float\float.sty"
Package: float 2001/11/08 v1.3d Float enhancements (AL)
\c@float@type=\count92
\float@exts=\toks14
\float@box=\box26
\@float@everytoks=\toks15
\@floatcapt=\box27
) ("C:\Program Files\MiKTeX 2.9\tex\latex\geometry\geometry.sty"
Package: geometry 2010/09/12 v5.6 Page Geometry

("C:\Program Files\MiKTeX 2.9\tex\latex\graphics\keyval.sty"
Package: keyval 1999/03/16 v1.13 key=value parser (DPC)
\KV@toks@=\toks16
)
("C:\Program Files\MiKTeX 2.9\tex\generic\oberdiek\ifpdf.sty"
Package: ifpdf 2011/01/30 v2.3 Provides the ifpdf switch (HO)
Package ifpdf Info: pdfTeX in PDF mode is detected.
)
("C:\Program Files\MiKTeX 2.9\tex\generic\oberdiek\ifvtex.sty"
Package: ifvtex 2010/03/01 v1.5 Detect VTeX and its facilities (HO)
Package ifvtex Info: VTeX not detected.
)
("C:\Program Files\MiKTeX 2.9\tex\generic\ifxetex\ifxetex.sty"
Package: ifxetex 2010/09/12 v0.6 Provides ifxetex conditional
)
\Gm@cnth=\count93
\Gm@cntv=\count94
\c@Gm@tempcnt=\count95
\Gm@bindingoffset=\dimen104
\Gm@wd@mp=\dimen105
\Gm@odd@mp=\dimen106
\Gm@even@mp=\dimen107
\Gm@layoutwidth=\dimen108
\Gm@layoutheight=\dimen109
\Gm@layouthoffset=\dimen110
\Gm@layoutvoffset=\dimen111
\Gm@dimlist=\toks17

("C:\Program Files\MiKTeX 2.9\tex\latex\geometry\geometry.cfg"))
("C:\Program Files\MiKTeX 2.9\tex\latex\graphics\graphicx.sty"
Package: graphicx 1999/02/16 v1.0f Enhanced LaTeX Graphics (DPC,SPQR)

("C:\Program Files\MiKTeX 2.9\tex\latex\graphics\graphics.sty"
Package: graphics 2009/02/05 v1.0o Standard LaTeX Graphics (DPC,SPQR)
 ("C:\Program Files\MiKTeX 2.9\tex\latex\graphics\trig.sty"
Package: trig 1999/03/16 v1.09 sin cos tan (DPC)
) ("C:\Program Files\MiKTeX 2.9\tex\latex\00miktex\graphics.cfg"
File: graphics.cfg 2007/01/18 v1.5 graphics configuration of teTeX/TeXLive
)
Package graphics Info: Driver file: pdftex.def on input line 91.
)
\Gin@req@height=\dimen112
\Gin@req@width=\dimen113
)
("C:\Program Files\MiKTeX 2.9\tex\latex\listings\listings.sty"
\lst@mode=\count96
\lst@gtempboxa=\box28
\lst@token=\toks18
\lst@length=\count97
\lst@currlwidth=\dimen114
\lst@column=\count98
\lst@pos=\count99
\lst@lostspace=\dimen115
\lst@width=\dimen116
\lst@newlines=\count100
\lst@lineno=\count101
\lst@maxwidth=\dimen117

("C:\Program Files\MiKTeX 2.9\tex\latex\listings\lstmisc.sty"
File: lstmisc.sty 2014/09/06 1.5e (Carsten Heinz)
\c@lstnumber=\count102
\lst@skipnumbers=\count103
\lst@framebox=\box29
)
("C:\Program Files\MiKTeX 2.9\tex\latex\listings\listings.cfg"
File: listings.cfg 2014/09/06 1.5e listings configuration
))
Package: listings 2014/09/06 1.5e (Carsten Heinz)

("C:\Program Files\MiKTeX 2.9\tex\latex\graphics\lscape.sty"
Package: lscape 2000/10/22 v3.01 Landscape Pages (DPC)
) ("C:\Program Files\MiKTeX 2.9\tex\latex\tools\multicol.sty"
Package: multicol 2011/06/27 v1.7a multicolumn formatting (FMi)
\c@tracingmulticols=\count104
\mult@box=\box30
\multicol@leftmargin=\dimen118
\c@unbalance=\count105
\c@collectmore=\count106
\doublecol@number=\count107
\multicoltolerance=\count108
\multicolpretolerance=\count109
\full@width=\dimen119
\page@free=\dimen120
\premulticols=\dimen121
\postmulticols=\dimen122
\multicolsep=\skip57
\multicolbaselineskip=\skip58
\partial@page=\box31
\last@line=\box32
\mult@rightbox=\box33
\mult@grightbox=\box34
\mult@gfirstbox=\box35
\mult@firstbox=\box36
\@tempa=\box37
\@tempa=\box38
\@tempa=\box39
\@tempa=\box40
\@tempa=\box41
\@tempa=\box42
\@tempa=\box43
\@tempa=\box44
\@tempa=\box45
\@tempa=\box46
\@tempa=\box47
\@tempa=\box48
\@tempa=\box49
\@tempa=\box50
\@tempa=\box51
\@tempa=\box52
\@tempa=\box53
\c@columnbadness=\count110
\c@finalcolumnbadness=\count111
\last@try=\dimen123
\multicolovershoot=\dimen124
\multicolundershoot=\dimen125
\mult@nat@firstbox=\box54
\colbreak@box=\box55
\multicol@sort@counter=\count112
) ("C:\Program Files\MiKTeX 2.9\tex\latex\base\ifthen.sty"
Package: ifthen 2001/05/26 v1.1c Standard LaTeX ifthen package (DPC)
) ("C:\Program Files\MiKTeX 2.9\tex\latex\lineno\lineno.sty"
Package: lineno 2005/11/02 line numbers on paragraphs v4.41
\linenopenalty=\count113
\output=\toks19
\linenoprevgraf=\count114
\linenumbersep=\dimen126
\linenumberwidth=\dimen127
\c@linenumber=\count115
\c@pagewiselinenumber=\count116
\c@LN@truepage=\count117
\c@internallinenumber=\count118
\c@internallinenumbers=\count119
\quotelinenumbersep=\dimen128
\bframerule=\dimen129
\bframesep=\dimen130
\bframebox=\box56
LaTeX Info: Redefining \\ on input line 3056.
) ("C:\Program Files\MiKTeX 2.9\tex\latex\lipsum\lipsum.sty"
Package: lipsum 2014/07/27 v1.3 150 paragraphs of Lorem Ipsum dummy text
\c@lips@count=\count120
)
("C:\Program Files\MiKTeX 2.9\tex\latex\titlesec\titlesec.sty"
Package: titlesec 2011/12/15 v2.10.0 Sectioning titles
\ttl@box=\box57
\beforetitleunit=\skip59
\aftertitleunit=\skip60
\ttl@plus=\dimen131
\ttl@minus=\dimen132
\ttl@toksa=\toks20
\titlewidth=\dimen133
\titlewidthlast=\dimen134
\titlewidthfirst=\dimen135
)
("C:\Program Files\MiKTeX 2.9\tex\latex\tocbibind\tocbibind.sty"
Package: tocbibind 2010/10/13 v1.5k extra ToC listings
Package tocbibind Info: The document has chapter divisions on input line 50.


Package tocbibind Note: Using chapter style headings, unless overridden.

) ("C:\Program Files\MiKTeX 2.9\tex\latex\tocloft\tocloft.sty"
Package: tocloft 2013/05/02 v2.3f parameterised ToC, etc., typesetting
Package tocloft Info: The document has chapter divisions on input line 44.
\cftparskip=\skip61
\cftbeforetoctitleskip=\skip62
\cftaftertoctitleskip=\skip63
\cftbeforepartskip=\skip64
\cftpartnumwidth=\skip65
\cftpartindent=\skip66
\cftbeforechapskip=\skip67
\cftchapindent=\skip68
\cftchapnumwidth=\skip69
\cftbeforesecskip=\skip70
\cftsecindent=\skip71
\cftsecnumwidth=\skip72
\cftbeforesubsecskip=\skip73
\cftsubsecindent=\skip74
\cftsubsecnumwidth=\skip75
\cftbeforesubsubsecskip=\skip76
\cftsubsubsecindent=\skip77
\cftsubsubsecnumwidth=\skip78
\cftbeforeparaskip=\skip79
\cftparaindent=\skip80
\cftparanumwidth=\skip81
\cftbeforesubparaskip=\skip82
\cftsubparaindent=\skip83
\cftsubparanumwidth=\skip84
\cftbeforeloftitleskip=\skip85
\cftafterloftitleskip=\skip86
\cftbeforefigskip=\skip87
\cftfigindent=\skip88
\cftfignumwidth=\skip89
\c@lofdepth=\count121
\c@lotdepth=\count122
\cftbeforelottitleskip=\skip90
\cftafterlottitleskip=\skip91
\cftbeforetabskip=\skip92
\cfttabindent=\skip93
\cfttabnumwidth=\skip94
)
("C:\Program Files\MiKTeX 2.9\tex\latex\setspace\setspace.sty"
Package: setspace 2011/12/19 v6.7a set line spacing
)
("C:\Program Files\MiKTeX 2.9\tex\latex\xstring\xstring.sty"
("C:\Program Files\MiKTeX 2.9\tex\generic\xstring\xstring.tex"
\@xs@message=\write3
\integerpart=\count123
\decimalpart=\count124
)
Package: xstring 2013/10/13  v1.7c  String manipulations (C Tellechea)
)
("C:\Program Files\MiKTeX 2.9\tex\latex\hyperref\hyperref.sty"
Package: hyperref 2012/11/06 v6.83m Hypertext links for LaTeX

("C:\Program Files\MiKTeX 2.9\tex\generic\oberdiek\hobsub-hyperref.sty"
Package: hobsub-hyperref 2012/04/25 v1.12 Bundle oberdiek, subset hyperref (HO)

("C:\Program Files\MiKTeX 2.9\tex\generic\oberdiek\hobsub-generic.sty"
Package: hobsub-generic 2012/04/25 v1.12 Bundle oberdiek, subset generic (HO)
Package: hobsub 2012/04/25 v1.12 Construct package bundles (HO)
Package hobsub Info: Skipping package `infwarerr' (already loaded).
Package hobsub Info: Skipping package `ltxcmds' (already loaded).
Package: ifluatex 2010/03/01 v1.3 Provides the ifluatex switch (HO)
Package ifluatex Info: LuaTeX not detected.
Package hobsub Info: Skipping package `ifvtex' (already loaded).
Package: intcalc 2007/09/27 v1.1 Expandable calculations with integers (HO)
Package hobsub Info: Skipping package `ifpdf' (already loaded).
Package: etexcmds 2011/02/16 v1.5 Avoid name clashes with e-TeX commands (HO)
Package etexcmds Info: Could not find \expanded.
(etexcmds)             That can mean that you are not using pdfTeX 1.50 or
(etexcmds)             that some package has redefined \expanded.
(etexcmds)             In the latter case, load this package earlier.
Package: kvsetkeys 2012/04/25 v1.16 Key value parser (HO)
Package: kvdefinekeys 2011/04/07 v1.3 Define keys (HO)
Package: pdftexcmds 2011/11/29 v0.20 Utility functions of pdfTeX for LuaTeX (HO)
Package pdftexcmds Info: LuaTeX not detected.
Package pdftexcmds Info: \pdf@primitive is available.
Package pdftexcmds Info: \pdf@ifprimitive is available.
Package pdftexcmds Info: \pdfdraftmode found.
Package: pdfescape 2011/11/25 v1.13 Implements pdfTeX's escape features (HO)
Package: bigintcalc 2012/04/08 v1.3 Expandable calculations on big integers (HO)
Package: bitset 2011/01/30 v1.1 Handle bit-vector datatype (HO)
Package: uniquecounter 2011/01/30 v1.2 Provide unlimited unique counter (HO)
)
Package hobsub Info: Skipping package `hobsub' (already loaded).
Package: letltxmacro 2010/09/02 v1.4 Let assignment for LaTeX macros (HO)
Package: hopatch 2011/06/24 v1.1 Wrapper for package hooks (HO)
Package: xcolor-patch 2011/01/30 xcolor patch
Package: atveryend 2011/06/30 v1.8 Hooks at the very end of document (HO)
Package: atbegshi 2011/10/05 v1.16 At begin shipout hook (HO)
Package: refcount 2011/10/16 v3.4 Data extraction from label references (HO)
Package: hycolor 2011/01/30 v1.7 Color options for hyperref/bookmark (HO)
)
("C:\Program Files\MiKTeX 2.9\tex\latex\oberdiek\auxhook.sty"
Package: auxhook 2011/03/04 v1.3 Hooks for auxiliary files (HO)
)
("C:\Program Files\MiKTeX 2.9\tex\latex\oberdiek\kvoptions.sty"
Package: kvoptions 2011/06/30 v3.11 Key value format for package options (HO)
)
\@linkdim=\dimen136
\Hy@linkcounter=\count125
\Hy@pagecounter=\count126

("C:\Program Files\MiKTeX 2.9\tex\latex\hyperref\pd1enc.def"
File: pd1enc.def 2012/11/06 v6.83m Hyperref: PDFDocEncoding definition (HO)
)
\Hy@SavedSpaceFactor=\count127

("C:\Program Files\MiKTeX 2.9\tex\latex\00miktex\hyperref.cfg"
File: hyperref.cfg 2002/06/06 v1.2 hyperref configuration of TeXLive
)
Package hyperref Info: Option `plainpages' set `false' on input line 4319.
Package hyperref Info: Option `pdfpagelabels' set `true' on input line 4319.
Package hyperref Info: Option `unicode' set `true' on input line 4319.

("C:\Program Files\MiKTeX 2.9\tex\latex\hyperref\puenc.def"
File: puenc.def 2012/11/06 v6.83m Hyperref: PDF Unicode definition (HO)
)
Package hyperref Info: Hyper figures OFF on input line 4443.
Package hyperref Info: Link nesting OFF on input line 4448.
Package hyperref Info: Hyper index ON on input line 4451.
Package hyperref Info: Plain pages OFF on input line 4458.
Package hyperref Info: Backreferencing OFF on input line 4463.
Package hyperref Info: Implicit mode ON; LaTeX internals redefined.
Package hyperref Info: Bookmarks ON on input line 4688.
\c@Hy@tempcnt=\count128
 ("C:\Program Files\MiKTeX 2.9\tex\latex\ltxmisc\url.sty"
\Urlmuskip=\muskip10
Package: url 2006/04/12  ver 3.3  Verb mode for urls, etc.
)
LaTeX Info: Redefining \url on input line 5041.
\XeTeXLinkMargin=\dimen137
\Fld@menulength=\count129
\Field@Width=\dimen138
\Fld@charsize=\dimen139
Package hyperref Info: Hyper figures OFF on input line 6295.
Package hyperref Info: Link nesting OFF on input line 6300.
Package hyperref Info: Hyper index ON on input line 6303.
Package hyperref Info: backreferencing OFF on input line 6310.
Package hyperref Info: Link coloring OFF on input line 6315.
Package hyperref Info: Link coloring with OCG OFF on input line 6320.
Package hyperref Info: PDF/A mode OFF on input line 6325.
LaTeX Info: Redefining \ref on input line 6365.
LaTeX Info: Redefining \pageref on input line 6369.
\Hy@abspage=\count130
\c@Item=\count131
\c@Hfootnote=\count132
)

Package hyperref Message: Driver (autodetected): hpdftex.

("C:\Program Files\MiKTeX 2.9\tex\latex\hyperref\hpdftex.def"
File: hpdftex.def 2012/11/06 v6.83m Hyperref driver for pdfTeX
\Fld@listcount=\count133
\c@bookmark@seq@number=\count134

("C:\Program Files\MiKTeX 2.9\tex\latex\oberdiek\rerunfilecheck.sty"
Package: rerunfilecheck 2011/04/15 v1.7 Rerun checks for auxiliary files (HO)
Package uniquecounter Info: New unique counter `rerunfilecheck' on input line 282.
)
\Hy@SectionHShift=\skip95
)
("C:\Program Files\MiKTeX 2.9\tex\latex\emptypage\emptypage.sty"
Package: emptypage 2010/05/30 v1.2 Suppress page numbers and headings on empty pages
)
("C:\Program Files\MiKTeX 2.9\tex\latex\caption\caption.sty"
Package: caption 2013/05/02 v3.3-89 Customizing captions (AR)
 ("C:\Program Files\MiKTeX 2.9\tex\latex\caption\caption3.sty"
Package: caption3 2013/05/02 v1.6-88 caption3 kernel (AR)
Package caption3 Info: TeX engine: e-TeX on input line 57.
\captionmargin=\dimen140
\captionmargin@=\dimen141
\captionwidth=\dimen142
\caption@tempdima=\dimen143
\caption@indent=\dimen144
\caption@parindent=\dimen145
\caption@hangindent=\dimen146
)
\c@ContinuedFloat=\count135
Package caption Info: float package is loaded.
Package caption Info: hyperref package is loaded.
Package caption Info: listings package is loaded.
) ("C:\Program Files\MiKTeX 2.9\tex\latex\enumitem\enumitem.sty"
Package: enumitem 2011/09/28 v3.5.2 Customized lists
\labelindent=\skip96
\enit@outerparindent=\dimen147
\enit@toks=\toks21
\enit@inbox=\box58
\enitdp@description=\count136
)
("C:\Program Files\MiKTeX 2.9\tex\latex\rotating\rotating.sty"
Package: rotating 2009/03/28 v2.16a rotated objects in LaTeX
\c@r@tfl@t=\count137
\rotFPtop=\skip97
\rotFPbot=\skip98
\rot@float@box=\box59
\rot@mess@toks=\toks22
)
Package hyperref Info: Option `unicode' set `true' on input line 293.
Package hyperref Info: Option `colorlinks' set `true' on input line 293.

\@input{data.aux}
(H:\Kuliah\Skripsi\SkripsiLaTex\data.tex ("C:\Program Files\MiKTeX 2.9\tex\latex\booktabs\booktabs.sty"
Package: booktabs 2005/04/14 v1.61803 publication quality tables
\heavyrulewidth=\dimen148
\lightrulewidth=\dimen149
\cmidrulewidth=\dimen150
\belowrulesep=\dimen151
\belowbottomsep=\dimen152
\aboverulesep=\dimen153
\abovetopsep=\dimen154
\cmidrulesep=\dimen155
\cmidrulekern=\dimen156
\defaultaddspace=\dimen157
\@cmidla=\count138
\@cmidlb=\count139
\@aboverulesep=\dimen158
\@belowrulesep=\dimen159
\@thisruleclass=\count140
\@lastruleclass=\count141
\@thisrulewidth=\dimen160
)
("C:\Program Files\MiKTeX 2.9\tex\latex\xcolor\xcolor.sty"
Package: xcolor 2007/01/21 v2.11 LaTeX color extensions (UK)
 ("C:\Program Files\MiKTeX 2.9\tex\latex\00miktex\color.cfg"
File: color.cfg 2007/01/18 v1.5 color configuration of teTeX/TeXLive
)
Package xcolor Info: Driver file: pdftex.def on input line 225.

("C:\Program Files\MiKTeX 2.9\tex\latex\colortbl\colortbl.sty"
Package: colortbl 2012/02/13 v1.0a Color table columns (DPC)
 ("C:\Program Files\MiKTeX 2.9\tex\latex\tools\array.sty"
Package: array 2008/09/09 v2.4c Tabular extension package (FMi)
\col@sep=\dimen161
\extrarowheight=\dimen162
\NC@list=\toks23
\extratabsurround=\skip99
\backup@length=\skip100
)
\everycr=\toks24
\minrowclearance=\skip101
)
LaTeX Info: Redefining \color on input line 702.
\rownum=\count142
Package xcolor Info: Model `cmy' substituted by `cmy0' on input line 1337.
Package xcolor Info: Model `hsb' substituted by `rgb' on input line 1341.
Package xcolor Info: Model `RGB' extended on input line 1353.
Package xcolor Info: Model `HTML' substituted by `rgb' on input line 1355.
Package xcolor Info: Model `Hsb' substituted by `hsb' on input line 1356.
Package xcolor Info: Model `tHsb' substituted by `hsb' on input line 1357.
Package xcolor Info: Model `HSB' substituted by `hsb' on input line 1358.
Package xcolor Info: Model `Gray' substituted by `gray' on input line 1359.
Package xcolor Info: Model `wave' substituted by `hsb' on input line 1360.
) ("C:\Program Files\MiKTeX 2.9\tex\latex\tools\longtable.sty"
Package: longtable 2004/02/01 v4.11 Multi-page Table package (DPC)
\LTleft=\skip102
\LTright=\skip103
\LTpre=\skip104
\LTpost=\skip105
\LTchunksize=\count143
\LTcapwidth=\dimen163
\LT@head=\box60
\LT@firsthead=\box61
\LT@foot=\box62
\LT@lastfoot=\box63
\LT@cols=\count144
\LT@rows=\count145
\c@LT@tables=\count146
\c@LT@chunks=\count147
\LT@p@ftn=\toks25
)
("C:\Program Files\MiKTeX 2.9\tex\latex\amsmath\amsmath.sty"
Package: amsmath 2013/01/14 v2.14 AMS math features
\@mathmargin=\skip106

For additional information on amsmath, use the `?' option.
("C:\Program Files\MiKTeX 2.9\tex\latex\amsmath\amstext.sty"
Package: amstext 2000/06/29 v2.01
 ("C:\Program Files\MiKTeX 2.9\tex\latex\amsmath\amsgen.sty"
File: amsgen.sty 1999/11/30 v2.0
\@emptytoks=\toks26
\ex@=\dimen164
)) ("C:\Program Files\MiKTeX 2.9\tex\latex\amsmath\amsbsy.sty"
Package: amsbsy 1999/11/29 v1.2d
\pmbraise@=\dimen165
)
("C:\Program Files\MiKTeX 2.9\tex\latex\amsmath\amsopn.sty"
Package: amsopn 1999/12/14 v2.01 operator names
)
\inf@bad=\count148
LaTeX Info: Redefining \frac on input line 210.
\uproot@=\count149
\leftroot@=\count150
LaTeX Info: Redefining \overline on input line 306.
\classnum@=\count151
\DOTSCASE@=\count152
LaTeX Info: Redefining \ldots on input line 378.
LaTeX Info: Redefining \dots on input line 381.
LaTeX Info: Redefining \cdots on input line 466.
\Mathstrutbox@=\box64
\strutbox@=\box65
\big@size=\dimen166
LaTeX Font Info:    Redeclaring font encoding OML on input line 566.
LaTeX Font Info:    Redeclaring font encoding OMS on input line 567.
\macc@depth=\count153
\c@MaxMatrixCols=\count154
\dotsspace@=\muskip11
\c@parentequation=\count155
\dspbrk@lvl=\count156
\tag@help=\toks27
\row@=\count157
\column@=\count158
\maxfields@=\count159
\andhelp@=\toks28
\eqnshift@=\dimen167
\alignsep@=\dimen168
\tagshift@=\dimen169
\tagwidth@=\dimen170
\totwidth@=\dimen171
\lineht@=\dimen172
\@envbody=\toks29
\multlinegap=\skip107
\multlinetaggap=\skip108
\mathdisplay@stack=\toks30
LaTeX Info: Redefining \[ on input line 2665.
LaTeX Info: Redefining \] on input line 2666.
))
\@input{dosen.aux}
(H:\Kuliah\Skripsi\SkripsiLaTex\dosen.tex) (H:\Kuliah\Skripsi\SkripsiLaTex\main.aux
(H:\Kuliah\Skripsi\SkripsiLaTex\Bab/bab1.aux) (H:\Kuliah\Skripsi\SkripsiLaTex\Bab/bab2.aux)
(H:\Kuliah\Skripsi\SkripsiLaTex\Bab/bab3.aux) (H:\Kuliah\Skripsi\SkripsiLaTex\Bab/bab4.aux)
(H:\Kuliah\Skripsi\SkripsiLaTex\Bab/bab5.aux) (H:\Kuliah\Skripsi\SkripsiLaTex\Bab/bab6.aux)
(H:\Kuliah\Skripsi\SkripsiLaTex\Bab/bab7.aux) (H:\Kuliah\Skripsi\SkripsiLaTex\Bab/bab8.aux)
(H:\Kuliah\Skripsi\SkripsiLaTex\Bab/bab9.aux) (H:\Kuliah\Skripsi\SkripsiLaTex\Lampiran/lampA.aux)
(H:\Kuliah\Skripsi\SkripsiLaTex\Lampiran/lampB.aux) (H:\Kuliah\Skripsi\SkripsiLaTex\Lampiran/lampC.aux)
(H:\Kuliah\Skripsi\SkripsiLaTex\Lampiran/lampD.aux) (H:\Kuliah\Skripsi\SkripsiLaTex\Lampiran/lampE.aux)
(H:\Kuliah\Skripsi\SkripsiLaTex\Lampiran/lampF.aux) (H:\Kuliah\Skripsi\SkripsiLaTex\Lampiran/lampG.aux)
(H:\Kuliah\Skripsi\SkripsiLaTex\Lampiran/lampH.aux) (H:\Kuliah\Skripsi\SkripsiLaTex\Lampiran/lampI.aux))
LaTeX Font Info:    Checking defaults for OML/cmm/m/it on input line 308.
LaTeX Font Info:    ... okay on input line 308.
LaTeX Font Info:    Checking defaults for T1/cmr/m/n on input line 308.
LaTeX Font Info:    ... okay on input line 308.
LaTeX Font Info:    Checking defaults for OT1/cmr/m/n on input line 308.
LaTeX Font Info:    ... okay on input line 308.
LaTeX Font Info:    Checking defaults for OMS/cmsy/m/n on input line 308.
LaTeX Font Info:    ... okay on input line 308.
LaTeX Font Info:    Checking defaults for OMX/cmex/m/n on input line 308.
LaTeX Font Info:    ... okay on input line 308.
LaTeX Font Info:    Checking defaults for U/cmr/m/n on input line 308.
LaTeX Font Info:    ... okay on input line 308.
LaTeX Font Info:    Checking defaults for PD1/pdf/m/n on input line 308.
LaTeX Font Info:    ... okay on input line 308.
LaTeX Font Info:    Checking defaults for PU/pdf/m/n on input line 308.
LaTeX Font Info:    ... okay on input line 308.

("C:\Program Files\MiKTeX 2.9\tex\context\base\supp-pdf.mkii"
[Loading MPS to PDF converter (version 2006.09.02).]
\scratchcounter=\count160
\scratchdimen=\dimen173
\scratchbox=\box66
\nofMPsegments=\count161
\nofMParguments=\count162
\everyMPshowfont=\toks31
\MPscratchCnt=\count163
\MPscratchDim=\dimen174
\MPnumerator=\count164
\makeMPintoPDFobject=\count165
\everyMPtoPDFconversion=\toks32
)
*geometry* driver: auto-detecting
*geometry* detected driver: pdftex
*geometry* verbose mode - [ preamble ] result:
* driver: pdftex
* paper: a4paper
* layout: <same size as paper>
* layoutoffset:(h,v)=(0.0pt,0.0pt)
* modes: twoside 
* h-part:(L,W,R)=(71.13188pt, 469.47049pt, 56.9055pt)
* v-part:(T,H,B)=(71.13188pt, 702.78308pt, 71.13188pt)
* \paperwidth=597.50787pt
* \paperheight=845.04684pt
* \textwidth=469.47049pt
* \textheight=702.78308pt
* \oddsidemargin=-1.1381pt
* \evensidemargin=-15.36449pt
* \topmargin=-38.1381pt
* \headheight=15.0pt
* \headsep=25.0pt
* \topskip=11.0pt
* \footskip=30.0pt
* \marginparwidth=103.0pt
* \marginparsep=10.0pt
* \columnsep=10.0pt
* \skip\footins=10.0pt plus 4.0pt minus 2.0pt
* \hoffset=0.0pt
* \voffset=0.0pt
* \mag=1000
* \@twocolumnfalse
* \@twosidetrue
* \@mparswitchtrue
* \@reversemarginfalse
* (1in=72.27pt=25.4mm, 1cm=28.453pt)

\c@lstlisting=\count166
\AtBeginShipoutBox=\box67
Package hyperref Info: Link coloring ON on input line 308.
("C:\Program Files\MiKTeX 2.9\tex\latex\hyperref\nameref.sty"
Package: nameref 2012/10/27 v2.43 Cross-referencing by name of section

("C:\Program Files\MiKTeX 2.9\tex\generic\oberdiek\gettitlestring.sty"
Package: gettitlestring 2010/12/03 v1.4 Cleanup title references (HO)
)
\c@section@level=\count167
)
LaTeX Info: Redefining \ref on input line 308.
LaTeX Info: Redefining \pageref on input line 308.
LaTeX Info: Redefining \nameref on input line 308.
 (H:\Kuliah\Skripsi\SkripsiLaTex\main.out)
(H:\Kuliah\Skripsi\SkripsiLaTex\main.out)
\@outlinefile=\write4
Package caption Info: Begin \AtBeginDocument code.
Package caption Info: longtable package is loaded.
 ("C:\Program Files\MiKTeX 2.9\tex\latex\caption\ltcaption.sty"
Package: ltcaption 2013/02/03 v1.3-62 longtable captions (AR)
)
Package caption Info: rotating package is loaded.
Package caption Info: End \AtBeginDocument code.

<Gambar/logo-unpar.png, id=207, 360.59718pt x 356.0803pt>
File: Gambar/logo-unpar.png Graphic file (type png)
 <use Gambar/logo-unpar.png>
Package pdftex.def Info: Gambar/logo-unpar.png used on input line 476.
(pdftex.def)             Requested size: 144.23631pt x 142.4296pt.
 [1





{C:/ProgramData/MiKTeX/2.9/pdftex/config/pdftex.map} <H:/Kuliah/Skripsi/SkripsiLaTex/Gambar/logo-unpar.png>] [2

]
File: Gambar/logo-unpar.png Graphic file (type png)
 <use Gambar/logo-unpar.png>
Package pdftex.def Info: Gambar/logo-unpar.png used on input line 476.
(pdftex.def)             Requested size: 144.23631pt x 142.4296pt.
 [3]
[4

] (H:\Kuliah\Skripsi\SkripsiLaTex\main.toc [5])
\tf@toc=\write5
 [6] (H:\Kuliah\Skripsi\SkripsiLaTex\main.lof)
\tf@lof=\write6
 [7]
(H:\Kuliah\Skripsi\SkripsiLaTex\main.lot)
\tf@lot=\write7
 [8]
*geometry* verbose mode - [ newgeometry ] result:
* driver: pdftex
* paper: a4paper
* layout: <same size as paper>
* layoutoffset:(h,v)=(0.0pt,0.0pt)
* modes: twoside 
* h-part:(L,W,R)=(85.35826pt, 433.90454pt, 78.24507pt)
* v-part:(T,H,B)=(56.9055pt, 731.23584pt, 56.9055pt)
* \paperwidth=597.50787pt
* \paperheight=845.04684pt
* \textwidth=433.90454pt
* \textheight=731.23584pt
* \oddsidemargin=13.08827pt
* \evensidemargin=5.97508pt
* \topmargin=-55.36449pt
* \headheight=15.0pt
* \headsep=25.0pt
* \topskip=11.0pt
* \footskip=30.0pt
* \marginparwidth=103.0pt
* \marginparsep=10.0pt
* \columnsep=10.0pt
* \skip\footins=10.0pt plus 4.0pt minus 2.0pt
* \hoffset=0.0pt
* \voffset=0.0pt
* \mag=1000
* \@twocolumnfalse
* \@twosidetrue
* \@mparswitchtrue
* \@reversemarginfalse
* (1in=72.27pt=25.4mm, 1cm=28.453pt)

 (H:\Kuliah\Skripsi\SkripsiLaTex\Bab/bab1.tex
Bab 1.
LaTeX Font Info:    Try loading font information for T1+cmss on input line 1.
("C:\Program Files\MiKTeX 2.9\tex\latex\base\t1cmss.fd"
File: t1cmss.fd 1999/05/25 v2.5h Standard LaTeX font definitions
)
LaTeX Font Info:    Try loading font information for OMS+cmr on input line 16.
 ("C:\Program Files\MiKTeX 2.9\tex\latex\base\omscmr.fd"
File: omscmr.fd 1999/05/25 v2.5h Standard LaTeX font definitions
)
LaTeX Font Info:    Font shape `OMS/cmr/m/n' in size <10.95> not available
(Font)              Font shape `OMS/cmsy/m/n' tried instead on input line 16.

Overfull \hbox (0.21384pt too wide) in paragraph at lines 43--44
[]\T1/cmr/m/n/10.95 Melakukan stu-di li-te-ra-tur meng-e-nai al-go-ri-tma enk-ri-psi \T1/cmr/m/it/10.95 da-ta en-cr-yp-t
ion stan-da-rd \T1/cmr/m/n/10.95 (DES) 
 []

[1





]) [2] (H:\Kuliah\Skripsi\SkripsiLaTex\Bab/bab2.tex
Bab 2.
<Gambar/encryption_decryption.png, id=390, 461.47406pt x 336.50719pt>
File: Gambar/encryption_decryption.png Graphic file (type png)
 <use Gambar/encryption_decryption.png>
Package pdftex.def Info: Gambar/encryption_decryption.png used on input line 23.
(pdftex.def)             Requested size: 341.42911pt x 199.16907pt.


LaTeX Warning: `h' float specifier changed to `ht'.

[3



] [4 <H:/Kuliah/Skripsi/SkripsiLaTex/Gambar/encryption_decryption.png>]
<Gambar/DES.png, id=410, 472.01344pt x 323.70938pt>
File: Gambar/DES.png Graphic file (type png)
 <use Gambar/DES.png>
Package pdftex.def Info: Gambar/DES.png used on input line 64.
(pdftex.def)             Requested size: 283.21025pt x 194.22713pt.

<Gambar/permutasi.png, id=411, 409.53pt x 160.34906pt>
File: Gambar/permutasi.png Graphic file (type png)
 <use Gambar/permutasi.png>
Package pdftex.def Info: Gambar/permutasi.png used on input line 74.
(pdftex.def)             Requested size: 327.62444pt x 128.27942pt.

<Gambar/proses_permutasi.png, id=412, 459.21562pt x 319.1925pt>
File: Gambar/proses_permutasi.png Graphic file (type png)
 <use Gambar/proses_permutasi.png>
Package pdftex.def Info: Gambar/proses_permutasi.png used on input line 83.
(pdftex.def)             Requested size: 459.2145pt x 319.19171pt.

Overfull \hbox (25.30995pt too wide) in paragraph at lines 83--85
 [][] 
 []


LaTeX Warning: `h' float specifier changed to `ht'.

<Gambar/round.png, id=413, 427.5975pt x 359.09157pt>
File: Gambar/round.png Graphic file (type png)
 <use Gambar/round.png>
Package pdftex.def Info: Gambar/round.png used on input line 93.
(pdftex.def)             Requested size: 427.59645pt x 359.09068pt.


LaTeX Warning: `h' float specifier changed to `ht'.

[5 <H:/Kuliah/Skripsi/SkripsiLaTex/Gambar/DES.png> <H:/Kuliah/Skripsi/SkripsiLaTex/Gambar/permutasi.png>] [6 <H:/Kuliah/
Skripsi/SkripsiLaTex/Gambar/proses_permutasi.png>] <Gambar/expansion_permutation.png, id=438, 646.66594pt x 92.59593pt>
File: Gambar/expansion_permutation.png Graphic file (type png)

<use Gambar/expansion_permutation.png>
Package pdftex.def Info: Gambar/expansion_permutation.png used on input line 117.
(pdftex.def)             Requested size: 452.66307pt x 64.8167pt.

Overfull \hbox (18.75853pt too wide) in paragraph at lines 117--119
 [][] 
 []

<Gambar/P-box.png, id=439, 147.55125pt x 164.11313pt>
File: Gambar/P-box.png Graphic file (type png)
 <use Gambar/P-box.png>
Package pdftex.def Info: Gambar/P-box.png used on input line 124.
(pdftex.def)             Requested size: 118.04114pt x 131.29066pt.


LaTeX Warning: `h' float specifier changed to `ht'.

<Gambar/S-box.png, id=440, 650.43pt x 158.84344pt>
File: Gambar/S-box.png Graphic file (type png)
 <use Gambar/S-box.png>
Package pdftex.def Info: Gambar/S-box.png used on input line 137.
(pdftex.def)             Requested size: 455.2979pt x 111.18964pt.

Overfull \hbox (21.39336pt too wide) in paragraph at lines 137--139
 [][] 
 []


LaTeX Warning: `h' float specifier changed to `ht'.

<Gambar/S-box1.png, id=441, 383.93437pt x 98.61844pt>
File: Gambar/S-box1.png Graphic file (type png)
 <use Gambar/S-box1.png>
Package pdftex.def Info: Gambar/S-box1.png used on input line 144.
(pdftex.def)             Requested size: 307.1479pt x 78.89484pt.
 [7 <H:/Kuliah/Skripsi/SkripsiLaTex/Gambar/round.png> <H:/Kuliah/Skripsi/SkripsiLaTex/Gambar/expansion_permutation.png>]

<Gambar/straight_permutation.png, id=450, 190.46156pt x 74.52844pt>
File: Gambar/straight_permutation.png Graphic file (type png)
 <use Gambar/straight_permutation.png>
Package pdftex.def Info: Gambar/straight_permutation.png used on input line 158.
(pdftex.def)             Requested size: 152.36943pt x 59.62282pt.

<Gambar/key_generation2.png, id=451, 312.41719pt x 427.5975pt>
File: Gambar/key_generation2.png Graphic file (type png)
 <use Gambar/key_generation2.png>
Package pdftex.def Info: Gambar/key_generation2.png used on input line 171.
(pdftex.def)             Requested size: 249.93408pt x 342.07846pt.
 [8 <H:/Kuliah/Skripsi/SkripsiLaTex/Gambar/P-box.png> <H:/Kuliah/Skripsi/SkripsiLaTex/Gambar/S-box.png>]
<Gambar/parity_drop.png, id=461, 198.7425pt x 127.97812pt>
File: Gambar/parity_drop.png Graphic file (type png)
 <use Gambar/parity_drop.png>
Package pdftex.def Info: Gambar/parity_drop.png used on input line 184.
(pdftex.def)             Requested size: 158.9942pt x 102.38261pt.

Underfull \hbox (badness 10000) in paragraph at lines 179--188

 []


Underfull \hbox (badness 10000) in paragraph at lines 179--188

 []

<Gambar/key_compression_matrix.png, id=462, 188.95593pt x 105.39375pt>
File: Gambar/key_compression_matrix.png Graphic file (type png)
 <use Gambar/key_compression_matrix.png>
Package pdftex.def Info: Gambar/key_compression_matrix.png used on input line 198.
(pdftex.def)             Requested size: 151.16493pt x 84.3151pt.
 [9 <H:/Kuliah/Skripsi/SkripsiLaTex/Gambar/S-box1.png> <H:/Kuliah/Skripsi/SkripsiLaTex/Gambar/straight_permutation.png>]

<Gambar/digest_creation.png, id=472, 587.94656pt x 280.04625pt>
File: Gambar/digest_creation.png Graphic file (type png)
 <use Gambar/digest_creation.png>
Package pdftex.def Info: Gambar/digest_creation.png used on input line 225.
(pdftex.def)             Requested size: 470.3579pt x 224.0373pt.

Overfull \hbox (36.45335pt too wide) in paragraph at lines 225--227
 [][] 
 []

[10 <H:/Kuliah/Skripsi/SkripsiLaTex/Gambar/key_generation2.png> <H:/Kuliah/Skripsi/SkripsiLaTex/Gambar/parity_drop.png>]
<Gambar/length_field_padding.png, id=480, 626.34pt x 109.1578pt>
File: Gambar/length_field_padding.png Graphic file (type png)
 <use Gambar/length_field_padding.png>
Package pdftex.def Info: Gambar/length_field_padding.png used on input line 239.
(pdftex.def)             Requested size: 375.80688pt x 65.49518pt.
 [11 <H:/Kuliah/Skripsi/SkripsiLaTex/Gambar/key_compression_matrix.png> <H:/Kuliah/Skripsi/SkripsiLaTex/Gambar/digest_cr
eation.png> <H:/Kuliah/Skripsi/SkripsiLaTex/Gambar/length_field_padding.png>]
<Gambar/message_block_digest_as_words.png, id=490, 654.19406pt x 135.50626pt>
File: Gambar/message_block_digest_as_words.png Graphic file (type png)

<use Gambar/message_block_digest_as_words.png>
Package pdftex.def Info: Gambar/message_block_digest_as_words.png used on input line 261.
(pdftex.def)             Requested size: 392.51945pt x 81.30437pt.
 <Gambar/word_expansion.png, id=491, 729.47531pt x 220.57407pt>
File: Gambar/word_expansion.png Graphic file (type png)

<use Gambar/word_expansion.png>
Package pdftex.def Info: Gambar/word_expansion.png used on input line 272.
(pdftex.def)             Requested size: 291.78496pt x 88.22806pt.
 <Gambar/konstanta_sha.png, id=492, 332.74312pt x 88.07906pt>
File: Gambar/konstanta_sha.png Graphic file (type png)

<use Gambar/konstanta_sha.png>
Package pdftex.def Info: Gambar/konstanta_sha.png used on input line 291.
(pdftex.def)             Requested size: 266.19484pt x 70.46332pt.
 [12 <H:/Kuliah/Skripsi/SkripsiLaTex/Gambar/message_block_digest_as_words.png> <H:/Kuliah/Skripsi/SkripsiLaTex/Gambar/wo
rd_expansion.png>] <Gambar/compression_function.png, id=502, 499.8675pt x 443.40656pt>
File: Gambar/compression_function.png Graphic file (type png)

<use Gambar/compression_function.png>
Package pdftex.def Info: Gambar/compression_function.png used on input line 301.
(pdftex.def)             Requested size: 399.89453pt x 354.72572pt.
 [13 <H:/Kuliah/Skripsi/SkripsiLaTex/Gambar/konstanta_sha.png> <H:/Kuliah/Skripsi/SkripsiLaTex/Gambar/compression_functi
on.png>] <Gambar/sha_round.png, id=511, 319.1925pt x 155.83218pt>
File: Gambar/sha_round.png Graphic file (type png)

<use Gambar/sha_round.png>
Package pdftex.def Info: Gambar/sha_round.png used on input line 312.
(pdftex.def)             Requested size: 255.35434pt x 124.66591pt.
 <Gambar/complex_function.png, id=512, 541.27219pt x 329.73187pt>
File: Gambar/complex_function.png Graphic file (type png)

<use Gambar/complex_function.png>
Package pdftex.def Info: Gambar/complex_function.png used on input line 319.
(pdftex.def)             Requested size: 378.88794pt x 230.81071pt.
 [14 <H:/Kuliah/Skripsi/SkripsiLaTex/Gambar/sha_round.png> <H:/Kuliah/Skripsi/SkripsiLaTex/Gambar/complex_function.png>]
 <Gambar/MDC.png, id=519, 499.8675pt x 364.36125pt>
File: Gambar/MDC.png Graphic file (type png)
 <use Gambar/MDC.png>
Package pdftex.def Info: Gambar/MDC.png used on input line 352.
(pdftex.def)             Requested size: 324.91002pt x 236.832pt.
 [15 <H:/Kuliah/Skripsi/SkripsiLaTex/Gambar/MDC.png>] <Gambar/MAC.png, id=527, 495.35063pt x 368.1253pt>
File: Gambar/MAC.png Graphic file (type png)
 <use Gambar/MAC.png>
Package pdftex.def Info: Gambar/MAC.png used on input line 364.
(pdftex.def)             Requested size: 346.74307pt x 257.68596pt.
 [16 <H:/Kuliah/Skripsi/SkripsiLaTex/Gambar/MAC.png>]
Overfull \hbox (12.3336pt too wide) in paragraph at lines 387--388
\T1/cmr/m/n/10.95 Beberapa tek-nik da-lam oten-ti-ka-si en-ti-tas an-ta-ra la-in, ya-i-tu \T1/cmr/m/it/10.95 pass-wo-rd\
T1/cmr/m/n/10.95 , \T1/cmr/m/it/10.95 zero-knowledge\T1/cmr/m/n/10.95 , \T1/cmr/m/it/10.95 challenge-
 []

<Gambar/password_1.png, id=534, 583.42969pt x 165.61874pt>
File: Gambar/password_1.png Graphic file (type png)
 <use Gambar/password_1.png>
Package pdftex.def Info: Gambar/password_1.png used on input line 403.
(pdftex.def)             Requested size: 408.398pt x 115.93231pt.
 [17]
<Gambar/password_2.png, id=544, 589.4522pt x 182.93344pt>
File: Gambar/password_2.png Graphic file (type png)
 <use Gambar/password_2.png>
Package pdftex.def Info: Gambar/password_2.png used on input line 413.
(pdftex.def)             Requested size: 412.61372pt x 128.05252pt.

<Gambar/password_3.png, id=545, 639.89063pt x 182.93344pt>
File: Gambar/password_3.png Graphic file (type png)
 <use Gambar/password_3.png>
Package pdftex.def Info: Gambar/password_3.png used on input line 422.
(pdftex.def)             Requested size: 447.92038pt x 128.05252pt.

Overfull \hbox (14.01584pt too wide) in paragraph at lines 422--424
 [][] 
 []

[18 <H:/Kuliah/Skripsi/SkripsiLaTex/Gambar/password_1.png> <H:/Kuliah/Skripsi/SkripsiLaTex/Gambar/password_2.png>]
[19 <H:/Kuliah/Skripsi/SkripsiLaTex/Gambar/password_3.png>]
Underfull \vbox (badness 1127) has occurred while \output is active []

 [20]) [21]
(H:\Kuliah\Skripsi\SkripsiLaTex\Bab/bab3.tex [22



]
Bab 3.

! LaTeX Error: \begin{gather*} on input line 26 ended by \end{gather}.

See the LaTeX manual or LaTeX Companion for explanation.
Type  H <return>  for immediate help.
 ...                                              
                                                  
l.35 \end{gather}
                 
Your command was ignored.
Type  I <command> <return>  to replace it with another command,
or  <return>  to continue without it.

[23]

! LaTeX Error: \begin{gather*} on input line 54 ended by \end{gather}.

See the LaTeX manual or LaTeX Companion for explanation.
Type  H <return>  for immediate help.
 ...                                              
                                                  
l.58 \end{gather}
                 
Your command was ignored.
Type  I <command> <return>  to replace it with another command,
or  <return>  to continue without it.


! LaTeX Error: \begin{gather*} on input line 67 ended by \end{gather}.

See the LaTeX manual or LaTeX Companion for explanation.
Type  H <return>  for immediate help.
 ...                                              
                                                  
l.71 \end{gather}
                 
Your command was ignored.
Type  I <command> <return>  to replace it with another command,
or  <return>  to continue without it.


! LaTeX Error: \begin{gather*} on input line 91 ended by \end{gather}.

See the LaTeX manual or LaTeX Companion for explanation.
Type  H <return>  for immediate help.
 ...                                              
                                                  
l.94 	\end{gather}
                  
Your command was ignored.
Type  I <command> <return>  to replace it with another command,
or  <return>  to continue without it.

[24]

! LaTeX Error: \begin{gather*} on input line 117 ended by \end{gather}.

See the LaTeX manual or LaTeX Companion for explanation.
Type  H <return>  for immediate help.
 ...                                              
                                                  
l.120 	\end{gather}
                   
Your command was ignored.
Type  I <command> <return>  to replace it with another command,
or  <return>  to continue without it.


! LaTeX Error: \begin{gather*} on input line 167 ended by \end{gather}.

See the LaTeX manual or LaTeX Companion for explanation.
Type  H <return>  for immediate help.
 ...                                              
                                                  
l.169 	\end{gather}
                   
Your command was ignored.
Type  I <command> <return>  to replace it with another command,
or  <return>  to continue without it.


! LaTeX Error: \begin{gather*} on input line 177 ended by \end{gather}.

See the LaTeX manual or LaTeX Companion for explanation.
Type  H <return>  for immediate help.
 ...                                              
                                                  
l.182 	\end{gather}
                   
Your command was ignored.
Type  I <command> <return>  to replace it with another command,
or  <return>  to continue without it.

[25]

! LaTeX Error: \begin{gather*} on input line 190 ended by \end{gather}.

See the LaTeX manual or LaTeX Companion for explanation.
Type  H <return>  for immediate help.
 ...                                              
                                                  
l.195 	\end{gather}
                   
Your command was ignored.
Type  I <command> <return>  to replace it with another command,
or  <return>  to continue without it.


! LaTeX Error: \begin{align*} on input line 214 ended by \end{align}.

See the LaTeX manual or LaTeX Companion for explanation.
Type  H <return>  for immediate help.
 ...                                              
                                                  
l.221 \end{align}
                 
Your command was ignored.
Type  I <command> <return>  to replace it with another command,
or  <return>  to continue without it.

[26] [27]

! LaTeX Error: \begin{align*} on input line 311 ended by \end{align}.

See the LaTeX manual or LaTeX Companion for explanation.
Type  H <return>  for immediate help.
 ...                                              
                                                  
l.315 \end{align}
                 
Your command was ignored.
Type  I <command> <return>  to replace it with another command,
or  <return>  to continue without it.


! LaTeX Error: \begin{align*} on input line 332 ended by \end{align}.

See the LaTeX manual or LaTeX Companion for explanation.
Type  H <return>  for immediate help.
 ...                                              
                                                  
l.334 \end{align}
                 
Your command was ignored.
Type  I <command> <return>  to replace it with another command,
or  <return>  to continue without it.

[28]

! LaTeX Error: \begin{align*} on input line 351 ended by \end{align}.

See the LaTeX manual or LaTeX Companion for explanation.
Type  H <return>  for immediate help.
 ...                                              
                                                  
l.354 \end{align}
                 
Your command was ignored.
Type  I <command> <return>  to replace it with another command,
or  <return>  to continue without it.


! LaTeX Error: \begin{align*} on input line 371 ended by \end{align}.

See the LaTeX manual or LaTeX Companion for explanation.
Type  H <return>  for immediate help.
 ...                                              
                                                  
l.374 \end{align}
                 
Your command was ignored.
Type  I <command> <return>  to replace it with another command,
or  <return>  to continue without it.


! LaTeX Error: \begin{gather*} on input line 392 ended by \end{gather}.

See the LaTeX manual or LaTeX Companion for explanation.
Type  H <return>  for immediate help.
 ...                                              
                                                  
l.395 \end{gather}
                  
Your command was ignored.
Type  I <command> <return>  to replace it with another command,
or  <return>  to continue without it.


! LaTeX Error: \begin{gather*} on input line 397 ended by \end{gather}.

See the LaTeX manual or LaTeX Companion for explanation.
Type  H <return>  for immediate help.
 ...                                              
                                                  
l.402 \end{gather}
                  
Your command was ignored.
Type  I <command> <return>  to replace it with another command,
or  <return>  to continue without it.


! LaTeX Error: \begin{gather*} on input line 404 ended by \end{gather}.

See the LaTeX manual or LaTeX Companion for explanation.
Type  H <return>  for immediate help.
 ...                                              
                                                  
l.409 \end{gather}
                  
Your command was ignored.
Type  I <command> <return>  to replace it with another command,
or  <return>  to continue without it.

[29]

! LaTeX Error: \begin{gather*} on input line 411 ended by \end{gather}.

See the LaTeX manual or LaTeX Companion for explanation.
Type  H <return>  for immediate help.
 ...                                              
                                                  
l.415 \end{gather}
                  
Your command was ignored.
Type  I <command> <return>  to replace it with another command,
or  <return>  to continue without it.


! LaTeX Error: \begin{align*} on input line 448 ended by \end{align}.

See the LaTeX manual or LaTeX Companion for explanation.
Type  H <return>  for immediate help.
 ...                                              
                                                  
l.452 \end{align}
                 
Your command was ignored.
Type  I <command> <return>  to replace it with another command,
or  <return>  to continue without it.

[30]

! LaTeX Error: \begin{align*} on input line 469 ended by \end{align}.

See the LaTeX manual or LaTeX Companion for explanation.
Type  H <return>  for immediate help.
 ...                                              
                                                  
l.472 \end{align}
                 
Your command was ignored.
Type  I <command> <return>  to replace it with another command,
or  <return>  to continue without it.


! LaTeX Error: \begin{align*} on input line 489 ended by \end{align}.

See the LaTeX manual or LaTeX Companion for explanation.
Type  H <return>  for immediate help.
 ...                                              
                                                  
l.491 \end{align}
                 
Your command was ignored.
Type  I <command> <return>  to replace it with another command,
or  <return>  to continue without it.


! LaTeX Error: \begin{gather*} on input line 509 ended by \end{gather}.

See the LaTeX manual or LaTeX Companion for explanation.
Type  H <return>  for immediate help.
 ...                                              
                                                  
l.512 \end{gather}
                  
Your command was ignored.
Type  I <command> <return>  to replace it with another command,
or  <return>  to continue without it.


! LaTeX Error: \begin{gather*} on input line 514 ended by \end{gather}.

See the LaTeX manual or LaTeX Companion for explanation.
Type  H <return>  for immediate help.
 ...                                              
                                                  
l.519 \end{gather}
                  
Your command was ignored.
Type  I <command> <return>  to replace it with another command,
or  <return>  to continue without it.


! LaTeX Error: \begin{gather*} on input line 521 ended by \end{gather}.

See the LaTeX manual or LaTeX Companion for explanation.
Type  H <return>  for immediate help.
 ...                                              
                                                  
l.525 \end{gather}
                  
Your command was ignored.
Type  I <command> <return>  to replace it with another command,
or  <return>  to continue without it.

[31]

! LaTeX Error: \begin{gather*} on input line 527 ended by \end{gather}.

See the LaTeX manual or LaTeX Companion for explanation.
Type  H <return>  for immediate help.
 ...                                              
                                                  
l.531 \end{gather}
                  
Your command was ignored.
Type  I <command> <return>  to replace it with another command,
or  <return>  to continue without it.


! LaTeX Error: \begin{align*} on input line 564 ended by \end{align}.

See the LaTeX manual or LaTeX Companion for explanation.
Type  H <return>  for immediate help.
 ...                                              
                                                  
l.568 \end{align}
                 
Your command was ignored.
Type  I <command> <return>  to replace it with another command,
or  <return>  to continue without it.


Underfull \vbox (badness 1484) has occurred while \output is active []

 [32]

! LaTeX Error: \begin{align*} on input line 585 ended by \end{align}.

See the LaTeX manual or LaTeX Companion for explanation.
Type  H <return>  for immediate help.
 ...                                              
                                                  
l.588 \end{align}
                 
Your command was ignored.
Type  I <command> <return>  to replace it with another command,
or  <return>  to continue without it.


! LaTeX Error: \begin{align*} on input line 605 ended by \end{align}.

See the LaTeX manual or LaTeX Companion for explanation.
Type  H <return>  for immediate help.
 ...                                              
                                                  
l.607 \end{align}
                 
Your command was ignored.
Type  I <command> <return>  to replace it with another command,
or  <return>  to continue without it.


! LaTeX Error: \begin{align*} on input line 624 ended by \end{align}.

See the LaTeX manual or LaTeX Companion for explanation.
Type  H <return>  for immediate help.
 ...                                              
                                                  
l.626 \end{align}
                 
Your command was ignored.
Type  I <command> <return>  to replace it with another command,
or  <return>  to continue without it.


! LaTeX Error: \begin{gather*} on input line 644 ended by \end{gather}.

See the LaTeX manual or LaTeX Companion for explanation.
Type  H <return>  for immediate help.
 ...                                              
                                                  
l.646 \end{gather}
                  
Your command was ignored.
Type  I <command> <return>  to replace it with another command,
or  <return>  to continue without it.

[33]

! LaTeX Error: \begin{gather*} on input line 648 ended by \end{gather}.

See the LaTeX manual or LaTeX Companion for explanation.
Type  H <return>  for immediate help.
 ...                                              
                                                  
l.652 \end{gather}
                  
Your command was ignored.
Type  I <command> <return>  to replace it with another command,
or  <return>  to continue without it.


! LaTeX Error: \begin{gather*} on input line 654 ended by \end{gather}.

See the LaTeX manual or LaTeX Companion for explanation.
Type  H <return>  for immediate help.
 ...                                              
                                                  
l.658 \end{gather}
                  
Your command was ignored.
Type  I <command> <return>  to replace it with another command,
or  <return>  to continue without it.


! LaTeX Error: \begin{gather*} on input line 660 ended by \end{gather}.

See the LaTeX manual or LaTeX Companion for explanation.
Type  H <return>  for immediate help.
 ...                                              
                                                  
l.664 \end{gather}
                  
Your command was ignored.
Type  I <command> <return>  to replace it with another command,
or  <return>  to continue without it.


! LaTeX Error: \begin{align*} on input line 697 ended by \end{align}.

See the LaTeX manual or LaTeX Companion for explanation.
Type  H <return>  for immediate help.
 ...                                              
                                                  
l.701 \end{align}
                 
Your command was ignored.
Type  I <command> <return>  to replace it with another command,
or  <return>  to continue without it.

[34]

! LaTeX Error: \begin{align*} on input line 718 ended by \end{align}.

See the LaTeX manual or LaTeX Companion for explanation.
Type  H <return>  for immediate help.
 ...                                              
                                                  
l.722 \end{align}
                 
Your command was ignored.
Type  I <command> <return>  to replace it with another command,
or  <return>  to continue without it.


! LaTeX Error: \begin{align*} on input line 739 ended by \end{align}.

See the LaTeX manual or LaTeX Companion for explanation.
Type  H <return>  for immediate help.
 ...                                              
                                                  
l.742 \end{align}
                 
Your command was ignored.
Type  I <command> <return>  to replace it with another command,
or  <return>  to continue without it.


! LaTeX Error: \begin{gather*} on input line 760 ended by \end{gather}.

See the LaTeX manual or LaTeX Companion for explanation.
Type  H <return>  for immediate help.
 ...                                              
                                                  
l.763 \end{gather}
                  
Your command was ignored.
Type  I <command> <return>  to replace it with another command,
or  <return>  to continue without it.

[35]

! LaTeX Error: \begin{gather*} on input line 765 ended by \end{gather}.

See the LaTeX manual or LaTeX Companion for explanation.
Type  H <return>  for immediate help.
 ...                                              
                                                  
l.769 \end{gather}
                  
Your command was ignored.
Type  I <command> <return>  to replace it with another command,
or  <return>  to continue without it.


! LaTeX Error: \begin{gather*} on input line 771 ended by \end{gather}.

See the LaTeX manual or LaTeX Companion for explanation.
Type  H <return>  for immediate help.
 ...                                              
                                                  
l.775 \end{gather}
                  
Your command was ignored.
Type  I <command> <return>  to replace it with another command,
or  <return>  to continue without it.


! LaTeX Error: \begin{gather*} on input line 777 ended by \end{gather}.

See the LaTeX manual or LaTeX Companion for explanation.
Type  H <return>  for immediate help.
 ...                                              
                                                  
l.781 \end{gather}
                  
Your command was ignored.
Type  I <command> <return>  to replace it with another command,
or  <return>  to continue without it.


! LaTeX Error: \begin{align*} on input line 814 ended by \end{align}.

See the LaTeX manual or LaTeX Companion for explanation.
Type  H <return>  for immediate help.
 ...                                              
                                                  
l.818 \end{align}
                 
Your command was ignored.
Type  I <command> <return>  to replace it with another command,
or  <return>  to continue without it.

[36]

! LaTeX Error: \begin{align*} on input line 835 ended by \end{align}.

See the LaTeX manual or LaTeX Companion for explanation.
Type  H <return>  for immediate help.
 ...                                              
                                                  
l.839 \end{align}
                 
Your command was ignored.
Type  I <command> <return>  to replace it with another command,
or  <return>  to continue without it.


! LaTeX Error: \begin{align*} on input line 856 ended by \end{align}.

See the LaTeX manual or LaTeX Companion for explanation.
Type  H <return>  for immediate help.
 ...                                              
                                                  
l.858 \end{align}
                 
Your command was ignored.
Type  I <command> <return>  to replace it with another command,
or  <return>  to continue without it.


! LaTeX Error: \begin{gather*} on input line 876 ended by \end{gather}.

See the LaTeX manual or LaTeX Companion for explanation.
Type  H <return>  for immediate help.
 ...                                              
                                                  
l.879 \end{gather}
                  
Your command was ignored.
Type  I <command> <return>  to replace it with another command,
or  <return>  to continue without it.

[37]

! LaTeX Error: \begin{gather*} on input line 881 ended by \end{gather}.

See the LaTeX manual or LaTeX Companion for explanation.
Type  H <return>  for immediate help.
 ...                                              
                                                  
l.885 \end{gather}
                  
Your command was ignored.
Type  I <command> <return>  to replace it with another command,
or  <return>  to continue without it.


! LaTeX Error: \begin{gather*} on input line 887 ended by \end{gather}.

See the LaTeX manual or LaTeX Companion for explanation.
Type  H <return>  for immediate help.
 ...                                              
                                                  
l.891 \end{gather}
                  
Your command was ignored.
Type  I <command> <return>  to replace it with another command,
or  <return>  to continue without it.


! LaTeX Error: \begin{gather*} on input line 893 ended by \end{gather}.

See the LaTeX manual or LaTeX Companion for explanation.
Type  H <return>  for immediate help.
 ...                                              
                                                  
l.897 \end{gather}
                  
Your command was ignored.
Type  I <command> <return>  to replace it with another command,
or  <return>  to continue without it.


! LaTeX Error: \begin{align*} on input line 930 ended by \end{align}.

See the LaTeX manual or LaTeX Companion for explanation.
Type  H <return>  for immediate help.
 ...                                              
                                                  
l.934 \end{align}
                 
Your command was ignored.
Type  I <command> <return>  to replace it with another command,
or  <return>  to continue without it.

[38]

! LaTeX Error: \begin{align*} on input line 951 ended by \end{align}.

See the LaTeX manual or LaTeX Companion for explanation.
Type  H <return>  for immediate help.
 ...                                              
                                                  
l.955 \end{align}
                 
Your command was ignored.
Type  I <command> <return>  to replace it with another command,
or  <return>  to continue without it.


! LaTeX Error: \begin{align*} on input line 972 ended by \end{align}.

See the LaTeX manual or LaTeX Companion for explanation.
Type  H <return>  for immediate help.
 ...                                              
                                                  
l.975 \end{align}
                 
Your command was ignored.
Type  I <command> <return>  to replace it with another command,
or  <return>  to continue without it.


! LaTeX Error: \begin{gather*} on input line 993 ended by \end{gather}.

See the LaTeX manual or LaTeX Companion for explanation.
Type  H <return>  for immediate help.
 ...                                              
                                                  
l.996 \end{gather}
                  
Your command was ignored.
Type  I <command> <return>  to replace it with another command,
or  <return>  to continue without it.

[39]

! LaTeX Error: \begin{gather*} on input line 998 ended by \end{gather}.

See the LaTeX manual or LaTeX Companion for explanation.
Type  H <return>  for immediate help.
 ...                                              
                                                  
l.1002 \end{gather}
                   
Your command was ignored.
Type  I <command> <return>  to replace it with another command,
or  <return>  to continue without it.


! LaTeX Error: \begin{gather*} on input line 1004 ended by \end{gather}.

See the LaTeX manual or LaTeX Companion for explanation.
Type  H <return>  for immediate help.
 ...                                              
                                                  
l.1008 \end{gather}
                   
Your command was ignored.
Type  I <command> <return>  to replace it with another command,
or  <return>  to continue without it.


! LaTeX Error: \begin{gather*} on input line 1010 ended by \end{gather}.

See the LaTeX manual or LaTeX Companion for explanation.
Type  H <return>  for immediate help.
 ...                                              
                                                  
l.1014 \end{gather}
                   
Your command was ignored.
Type  I <command> <return>  to replace it with another command,
or  <return>  to continue without it.

<Gambar/flowchart_share.png, id=676, 216.81pt x 471.26062pt>
File: Gambar/flowchart_share.png Graphic file (type png)
 <use Gambar/flowchart_share.png>
Package pdftex.def Info: Gambar/flowchart_share.png used on input line 1034.
(pdftex.def)             Requested size: 140.92482pt x 306.31578pt.

Underfull \vbox (badness 10000) has occurred while \output is active []

 [40]
<Gambar/flowchart_reconstruct.png, id=681, 311.66437pt x 440.39531pt>
File: Gambar/flowchart_reconstruct.png Graphic file (type png)
 <use Gambar/flowchart_reconstruct.png>
Package pdftex.def Info: Gambar/flowchart_reconstruct.png used on input line 1043.
(pdftex.def)             Requested size: 202.57944pt x 286.25356pt.

Underfull \vbox (badness 10000) has occurred while \output is active []

 [41 <H:/Kuliah/Skripsi/SkripsiLaTex/Gambar/flowchart_share.png> <H:/Kuliah/Skripsi/SkripsiLaTex/Gambar/flowchart_recons
truct.png>]
<Gambar/use_case.png, id=689, 737.75626pt x 521.69907pt>
File: Gambar/use_case.png Graphic file (type png)
 <use Gambar/use_case.png>
Package pdftex.def Info: Gambar/use_case.png used on input line 1054.
(pdftex.def)             Requested size: 295.09727pt x 208.67592pt.

<Gambar/sharing-secret.png, id=690, 976.39781pt x 557.08125pt>
File: Gambar/sharing-secret.png Graphic file (type png)
 <use Gambar/sharing-secret.png>
Package pdftex.def Info: Gambar/sharing-secret.png used on input line 1065.
(pdftex.def)             Requested size: 390.5522pt x 222.82855pt.
 [42 <H:/Kuliah/Skripsi/SkripsiLaTex/Gambar/use_case.png> <H:/Kuliah/Skripsi/SkripsiLaTex/Gambar/sharing-secret.png>]
<Gambar/reconstruct-secret.png, id=698, 1090.0725pt x 548.0475pt>
File: Gambar/reconstruct-secret.png Graphic file (type png)
 <use Gambar/reconstruct-secret.png>
Package pdftex.def Info: Gambar/reconstruct-secret.png used on input line 1078.
(pdftex.def)             Requested size: 436.02127pt x 219.2151pt.

<Gambar/engine-class-diagram.png, id=699, 678.28406pt x 374.14781pt>
File: Gambar/engine-class-diagram.png Graphic file (type png)
 <use Gambar/engine-class-diagram.png>
Package pdftex.def Info: Gambar/engine-class-diagram.png used on input line 1094.
(pdftex.def)             Requested size: 406.97357pt x 224.4904pt.

Underfull \vbox (badness 10000) has occurred while \output is active []

 [43 <H:/Kuliah/Skripsi/SkripsiLaTex/Gambar/reconstruct-secret.png>] <Gambar/arsitektur.png, id=705, 970.3753pt x 512.66
531pt>
File: Gambar/arsitektur.png Graphic file (type png)
 <use Gambar/arsitektur.png>
Package pdftex.def Info: Gambar/arsitektur.png used on input line 1109.
(pdftex.def)             Requested size: 485.18646pt x 256.33202pt.

Underfull \vbox (badness 10000) has occurred while \output is active []

 [44 <H:/Kuliah/Skripsi/SkripsiLaTex/Gambar/engine-class-diagram.png>]) [45 <H:/Kuliah/Skripsi/SkripsiLaTex/Gambar/arsit
ektur.png>]
(H:\Kuliah\Skripsi\SkripsiLaTex\Bab/bab4.tex [46



]
Bab 4.

Overfull \hbox (4.0746pt too wide) in paragraph at lines 20--21
[]\T1/cmr/m/n/10.95 Mengenkripsi se-ti-ap \T1/cmr/m/it/10.95 sha-re $\OML/cmm/m/it/10.95 s$ \T1/cmr/m/n/10.95 de-ngan ni
-lai \T1/cmr/m/it/10.95 ha-sh \T1/cmr/m/n/10.95 se-ba-gai kun-ci: $\OML/cmm/m/it/10.95 E[]\OT1/cmr/m/n/10.95 (\OML/cmm/m
/it/10.95 s[]\OT1/cmr/m/n/10.95 ) = \OML/cmm/m/it/10.95 c[]; E[]\OT1/cmr/m/n/10.95 (\OML/cmm/m/it/10.95 s[]\OT1/cmr/m/n/
10.95 ) =
 []


Overfull \hbox (15.31416pt too wide) in paragraph at lines 32--33
[]\T1/cmr/m/n/10.95 Mendekripsi se-ti-ap ci-pher-te-xt $\OML/cmm/m/it/10.95 c[]; c[]; :::; c[]$ \T1/cmr/m/n/10.95 de-nga
n ni-lai ha-sh se-ba-gai kun-ci: $\OML/cmm/m/it/10.95 D[]\OT1/cmr/m/n/10.95 (\OML/cmm/m/it/10.95 c[]\OT1/cmr/m/n/10.95 )
 =
 []

[47] <Gambar/tampilan-utama.png, id=737, 471.7625pt x 321.2pt>
File: Gambar/tampilan-utama.png Graphic file (type png)
 <use Gambar/tampilan-utama.png>
Package pdftex.def Info: Gambar/tampilan-utama.png used on input line 44.
(pdftex.def)             Requested size: 235.88066pt x 160.59961pt.

<Gambar/store_password.png, id=739, 544.0325pt x 358.33875pt>
File: Gambar/store_password.png Graphic file (type png)
 <use Gambar/store_password.png>
Package pdftex.def Info: Gambar/store_password.png used on input line 52.
(pdftex.def)             Requested size: 272.01558pt x 179.16893pt.
 [48 <H:/Kuliah/Skripsi/SkripsiLaTex/Gambar/tampilan-utama.png> <H:/Kuliah/Skripsi/SkripsiLaTex/Gambar/store_password.pn
g>]
<Gambar/retrieve_password.png, id=749, 544.0325pt x 358.33875pt>
File: Gambar/retrieve_password.png Graphic file (type png)
 <use Gambar/retrieve_password.png>
Package pdftex.def Info: Gambar/retrieve_password.png used on input line 64.
(pdftex.def)             Requested size: 272.01558pt x 179.16893pt.

<Gambar/password.png, id=752, 495.8525pt x 218.8175pt>
File: Gambar/password.png Graphic file (type png)
 <use Gambar/password.png>
Package pdftex.def Info: Gambar/password.png used on input line 74.
(pdftex.def)             Requested size: 247.92564pt x 109.40848pt.
 [49 <H:/Kuliah/Skripsi/SkripsiLaTex/Gambar/retrieve_password.png> <H:/Kuliah/Skripsi/SkripsiLaTex/Gambar/password.png>]

<Gambar/final_class_diagram.png, id=762, 1410.77063pt x 913.91437pt>
File: Gambar/final_class_diagram.png Graphic file (type png)
 <use Gambar/final_class_diagram.png>
Package pdftex.def Info: Gambar/final_class_diagram.png used on input line 86.
(pdftex.def)             Requested size: 705.38359pt x 456.95605pt.


LaTeX Warning: `h' float specifier changed to `ht'.

[50] [51]) [52] [53 <H:/Kuliah/Skripsi/SkripsiLaTex/Gambar/final_class_diagram.png>]
(H:\Kuliah\Skripsi\SkripsiLaTex\Bab/bab5.tex [54



]
Bab 5.
) [55] (H:\Kuliah\Skripsi\SkripsiLaTex\Bab/bab6.tex) (H:\Kuliah\Skripsi\SkripsiLaTex\Bab/bab7.tex)
(H:\Kuliah\Skripsi\SkripsiLaTex\Bab/bab8.tex) (H:\Kuliah\Skripsi\SkripsiLaTex\Bab/bab9.tex)
(H:\Kuliah\Skripsi\SkripsiLaTex\main.bbl [56










]

LaTeX Warning: Empty `thebibliography' environment on input line 3.

) [57] (H:\Kuliah\Skripsi\SkripsiLaTex\Lampiran/lampA.tex [58


]
Lampiran A.

Package lineno Warning: Linenumber reference failed, 
(lineno)                rerun to get it right.

) [59] (H:\Kuliah\Skripsi\SkripsiLaTex\Lampiran/lampB.tex) (H:\Kuliah\Skripsi\SkripsiLaTex\Lampiran/lampC.tex)
(H:\Kuliah\Skripsi\SkripsiLaTex\Lampiran/lampD.tex) (H:\Kuliah\Skripsi\SkripsiLaTex\Lampiran/lampE.tex)
(H:\Kuliah\Skripsi\SkripsiLaTex\Lampiran/lampF.tex) (H:\Kuliah\Skripsi\SkripsiLaTex\Lampiran/lampG.tex)
(H:\Kuliah\Skripsi\SkripsiLaTex\Lampiran/lampH.tex) (H:\Kuliah\Skripsi\SkripsiLaTex\Lampiran/lampI.tex)
Package atveryend Info: Empty hook `BeforeClearDocument' on input line 515.
Package atveryend Info: Empty hook `AfterLastShipout' on input line 515.

(H:\Kuliah\Skripsi\SkripsiLaTex\main.aux (H:\Kuliah\Skripsi\SkripsiLaTex\Bab/bab1.aux)
(H:\Kuliah\Skripsi\SkripsiLaTex\Bab/bab2.aux) (H:\Kuliah\Skripsi\SkripsiLaTex\Bab/bab3.aux)
(H:\Kuliah\Skripsi\SkripsiLaTex\Bab/bab4.aux) (H:\Kuliah\Skripsi\SkripsiLaTex\Bab/bab5.aux)
(H:\Kuliah\Skripsi\SkripsiLaTex\Bab/bab6.aux) (H:\Kuliah\Skripsi\SkripsiLaTex\Bab/bab7.aux)
(H:\Kuliah\Skripsi\SkripsiLaTex\Bab/bab8.aux) (H:\Kuliah\Skripsi\SkripsiLaTex\Bab/bab9.aux)
(H:\Kuliah\Skripsi\SkripsiLaTex\Lampiran/lampA.aux) (H:\Kuliah\Skripsi\SkripsiLaTex\Lampiran/lampB.aux)
(H:\Kuliah\Skripsi\SkripsiLaTex\Lampiran/lampC.aux) (H:\Kuliah\Skripsi\SkripsiLaTex\Lampiran/lampD.aux)
(H:\Kuliah\Skripsi\SkripsiLaTex\Lampiran/lampE.aux) (H:\Kuliah\Skripsi\SkripsiLaTex\Lampiran/lampF.aux)
(H:\Kuliah\Skripsi\SkripsiLaTex\Lampiran/lampG.aux) (H:\Kuliah\Skripsi\SkripsiLaTex\Lampiran/lampH.aux)
(H:\Kuliah\Skripsi\SkripsiLaTex\Lampiran/lampI.aux))
Package atveryend Info: Executing hook `AtVeryEndDocument' on input line 515.
Package atveryend Info: Executing hook `AtEndAfterFileList' on input line 515.
Package rerunfilecheck Info: File `main.out' has not changed.
(rerunfilecheck)             Checksum: 26A36753D0822BD154EF9E2D8AC51F0C;7354.
 ) 
Here is how much of TeX's memory you used:
 15875 strings out of 493921
 228385 string characters out of 3147288
 434671 words of memory out of 3000000
 18540 multiletter control sequences out of 15000+200000
 24594 words of font info for 50 fonts, out of 3000000 for 9000
 845 hyphenation exceptions out of 8191
 45i,12n,44p,1098b,512s stack positions out of 5000i,500n,10000p,200000b,50000s
 <C:\Users\Sam\AppData\Local\MiKTeX\2.9\fonts\pk\ljfour\jknappen\ec\dpi600\ecti1000.pk> <C:\Users\Sam\AppData\Local\Mi
KTeX\2.9\fonts\pk\ljfour\jknappen\ec\dpi600\ecbi1095.pk> <C:\Users\Sam\AppData\Local\MiKTeX\2.9\fonts\pk\ljfour\jknappen
\ec\dpi600\ecbi1200.pk> <C:\Users\Sam\AppData\Local\MiKTeX\2.9\fonts\pk\ljfour\jknappen\ec\dpi600\ecbx1200.pk> <C:\Users
\Sam\AppData\Local\MiKTeX\2.9\fonts\pk\ljfour\jknappen\ec\dpi600\eccc1000.pk> <C:\Users\Sam\AppData\Local\MiKTeX\2.9\fon
ts\pk\ljfour\jknappen\ec\dpi600\ecss0600.pk> <C:\Users\Sam\AppData\Local\MiKTeX\2.9\fonts\pk\ljfour\jknappen\ec\dpi600\e
cti1095.pk> <C:\Users\Sam\AppData\Local\MiKTeX\2.9\fonts\pk\ljfour\jknappen\ec\dpi600\ecrm1095.pk> <C:\Users\Sam\AppData
\Local\MiKTeX\2.9\fonts\pk\ljfour\jknappen\ec\dpi600\ecbx1095.pk> <C:\Users\Sam\AppData\Local\MiKTeX\2.9\fonts\pk\ljfour
\jknappen\ec\dpi600\ecxc1095.pk> <C:\Users\Sam\AppData\Local\MiKTeX\2.9\fonts\pk\ljfour\jknappen\ec\dpi600\ecbi1440.pk> 
<C:\Users\Sam\AppData\Local\MiKTeX\2.9\fonts\pk\ljfour\jknappen\ec\dpi600\ecbx1440.pk><C:/Program Files/MiKTeX 2.9/fonts
/type1/public/amsfonts/cm/cmex10.pfb><C:/Program Files/MiKTeX 2.9/fonts/type1/public/amsfonts/cm/cmmi10.pfb><C:/Program 
Files/MiKTeX 2.9/fonts/type1/public/amsfonts/cm/cmmi6.pfb><C:/Program Files/MiKTeX 2.9/fonts/type1/public/amsfonts/cm/cm
mi8.pfb><C:/Program Files/MiKTeX 2.9/fonts/type1/public/amsfonts/cm/cmr10.pfb><C:/Program Files/MiKTeX 2.9/fonts/type1/p
ublic/amsfonts/cm/cmr6.pfb><C:/Program Files/MiKTeX 2.9/fonts/type1/public/amsfonts/cm/cmr8.pfb><C:/Program Files/MiKTeX
 2.9/fonts/type1/public/amsfonts/cm/cmsy10.pfb><C:/Program Files/MiKTeX 2.9/fonts/type1/public/amsfonts/cm/cmsy6.pfb><C:
/Program Files/MiKTeX 2.9/fonts/type1/public/amsfonts/cm/cmsy8.pfb>
Output written on main.pdf (67 pages, 1440454 bytes).
PDF statistics:
 1383 PDF objects out of 1440 (max. 8388607)
 237 named destinations out of 1000 (max. 500000)
 604 words of extra memory for PDF output out of 10000 (max. 10000000)

