\BOOKMARK [0][-]{chapter*.1}{\376\377\000K\000a\000t\000a\000\040\000P\000e\000n\000g\000a\000n\000t\000a\000r}{}% 1
\BOOKMARK [0][-]{section*.2}{\376\377\000D\000a\000f\000t\000a\000r\000\040\000I\000s\000i}{}% 2
\BOOKMARK [0][-]{section*.3}{\376\377\000D\000a\000f\000t\000a\000r\000\040\000G\000a\000m\000b\000a\000r}{}% 3
\BOOKMARK [0][-]{section*.4}{\376\377\000D\000a\000f\000t\000a\000r\000\040\000T\000a\000b\000e\000l}{}% 4
\BOOKMARK [0][-]{chapter.1}{\376\377\000P\000e\000n\000d\000a\000h\000u\000l\000u\000a\000n}{}% 5
\BOOKMARK [1][-]{section.1.1}{\376\377\000L\000a\000t\000a\000r\000\040\000B\000e\000l\000a\000k\000a\000n\000g}{chapter.1}% 6
\BOOKMARK [1][-]{section.1.2}{\376\377\000R\000u\000m\000u\000s\000a\000n\000\040\000M\000a\000s\000a\000l\000a\000h}{chapter.1}% 7
\BOOKMARK [1][-]{section.1.3}{\376\377\000T\000u\000j\000u\000a\000n}{chapter.1}% 8
\BOOKMARK [1][-]{section.1.4}{\376\377\000B\000a\000t\000a\000s\000a\000n\000\040\000M\000a\000s\000a\000l\000a\000h}{chapter.1}% 9
\BOOKMARK [1][-]{section.1.5}{\376\377\000M\000e\000t\000o\000d\000o\000l\000o\000g\000i\000\040\000P\000e\000n\000e\000l\000i\000t\000i\000a\000n}{chapter.1}% 10
\BOOKMARK [1][-]{section.1.6}{\376\377\000S\000i\000s\000t\000e\000m\000a\000t\000i\000k\000a\000\040\000P\000e\000m\000b\000a\000h\000a\000s\000a\000n}{chapter.1}% 11
\BOOKMARK [0][-]{chapter.2}{\376\377\000D\000a\000s\000a\000r\000\040\000T\000e\000o\000r\000i}{}% 12
\BOOKMARK [1][-]{section.2.1}{\376\377\000K\000r\000i\000p\000t\000o\000g\000r\000a\000f\000i}{chapter.2}% 13
\BOOKMARK [2][-]{subsection.2.1.1}{\376\377\000D\000a\000t\000a\000\040\000E\000n\000c\000r\000y\000p\000t\000i\000o\000n\000\040\000S\000t\000a\000n\000d\000a\000r\000d\000\040\000\050\000D\000E\000S\000\051}{section.2.1}% 14
\BOOKMARK [2][-]{subsection.2.1.2}{\376\377\000P\000e\000m\000b\000a\000n\000g\000u\000n\000a\000n\000\040\000K\000u\000n\000c\000i\000\040\000R\000o\000n\000d\000e}{section.2.1}% 15
\BOOKMARK [1][-]{section.2.2}{\376\377\000F\000u\000n\000g\000s\000i\000\040\000H\000a\000s\000h}{chapter.2}% 16
\BOOKMARK [2][-]{subsection.2.2.1}{\376\377\000S\000e\000c\000u\000r\000e\000\040\000H\000a\000s\000h\000i\000n\000g\000\040\000A\000l\000g\000o\000r\000i\000t\000h\000m\000\040\0005\0001\0002\000\040\000\050\000S\000H\000A\000-\0005\0001\0002\000\051}{section.2.2}% 17
\BOOKMARK [1][-]{section.2.3}{\376\377\000O\000t\000e\000n\000t\000i\000k\000a\000s\000i}{chapter.2}% 18
\BOOKMARK [2][-]{subsection.2.3.1}{\376\377\000O\000t\000e\000n\000t\000i\000k\000a\000s\000i\000\040\000P\000e\000s\000a\000n\000\040\000\050\000M\000e\000s\000s\000a\000g\000e\000\040\000A\000u\000t\000h\000e\000n\000t\000i\000c\000a\000t\000i\000o\000n\000\051}{section.2.3}% 19
\BOOKMARK [2][-]{subsection.2.3.2}{\376\377\000O\000t\000e\000n\000t\000i\000k\000a\000s\000i\000\040\000E\000n\000t\000i\000t\000a\000s\000\040\000\050\000E\000n\000t\000i\000t\000y\000\040\000A\000u\000t\000h\000e\000n\000t\000i\000c\000a\000t\000i\000o\000n\000\051}{section.2.3}% 20
\BOOKMARK [2][-]{subsection.2.3.3}{\376\377\000P\000a\000s\000s\000w\000o\000r\000d}{section.2.3}% 21
\BOOKMARK [1][-]{section.2.4}{\376\377\000S\000e\000c\000r\000e\000t\000\040\000S\000h\000a\000r\000i\000n\000g}{chapter.2}% 22
\BOOKMARK [2][-]{subsection.2.4.1}{\376\377\000S\000k\000e\000m\000a\000\040\000T\000h\000r\000e\000s\000h\000o\000l\000d\000\050\000k\000,\000n\000\051}{section.2.4}% 23
\BOOKMARK [1][-]{section.2.5}{\376\377\000P\000r\000o\000b\000a\000b\000i\000l\000i\000t\000a\000s}{chapter.2}% 24
\BOOKMARK [1][-]{section.2.6}{\376\377\000D\000i\000s\000t\000r\000i\000b\000u\000s\000i\000\040\000B\000i\000n\000o\000m}{chapter.2}% 25
\BOOKMARK [1][-]{section.2.7}{\376\377\000E\000n\000t\000r\000o\000p\000i}{chapter.2}% 26
\BOOKMARK [0][-]{chapter*.22}{\376\377\000D\000a\000f\000t\000a\000r\000\040\000R\000e\000f\000e\000r\000e\000n\000s\000i}{}% 27
\BOOKMARK [0][-]{appendix.A}{\376\377\000T\000h\000e\000\040\000P\000r\000o\000g\000r\000a\000m}{}% 28
